<?xml version="1.0" encoding="UTF-8"?>
<testsuite xmlns:xsi="http://www.w3.org/2001/XMLSchema-instance" xsi:noNamespaceSchemaLocation="https://maven.apache.org/surefire/maven-surefire-plugin/xsd/surefire-test-report.xsd" version="3.0.2" name="com.minimarket.security.SecurityRbacIntegrationTest" time="17.007" tests="42" errors="0" skipped="0" failures="0">
  <properties>
[...]
</properties>
  <testcase name="enforcesRoleBasedAccess(RbacScenario)[1]" classname="com.minimarket.security.SecurityRbacIntegrationTest" time="0.868">
    <system-out><![CDATA[22:24:57.792 [main] INFO org.springframework.test.context.support.AnnotationConfigContextLoaderUtils -- Could not detect default configuration classes for test class [com.minimarket.security.SecurityRbacIntegrationTest]: SecurityRbacIntegrationTest does not declare any static, non-private, non-final, nested classes annotated with @Configuration.
22:24:57.854 [main] INFO org.springframework.boot.test.context.SpringBootTestContextBootstrapper -- Found @SpringBootConfiguration com.minimarket.MinimarketApplication for test class com.minimarket.security.SecurityRbacIntegrationTest
22:24:57.943 [main] INFO org.springframework.boot.devtools.restart.RestartApplicationListener -- Restart disabled due to context in which it is running

  .   ____          _            __ _ _
 /\\ / ___'_ __ _ _(_)_ __  __ _ \ \ \ \
( ( )\___ | '_ | '_| | '_ \/ _` | \ \ \ \
 \\/  ___)| |_)| | | | | || (_| |  ) ) ) )
  '  |____| .__|_| |_|_| |_\__, | / / / /
 =========|_|==============|___/=/_/_/_/

 :: Spring Boot ::                (v3.4.1)

2026-05-31T22:24:58.081-04:00  INFO 99879 --- [minimarket] [           main] c.m.s.SecurityRbacIntegrationTest        : Starting SecurityRbacIntegrationTest using Java 21.0.10 with PID 99879 (started by gustavodominguez in /Users/gustavodominguez/dev/duoc/backend-2/Exp1_S2_Group1/minimarket)
2026-05-31T22:24:58.082-04:00  INFO 99879 --- [minimarket] [           main] c.m.s.SecurityRbacIntegrationTest        : No active profile set, falling back to 1 default profile: "default"
2026-05-31T22:24:58.434-04:00  INFO 99879 --- [minimarket] [           main] .s.d.r.c.RepositoryConfigurationDelegate : Bootstrapping Spring Data JPA repositories in DEFAULT mode.
2026-05-31T22:24:58.475-04:00  INFO 99879 --- [minimarket] [           main] .s.d.r.c.RepositoryConfigurationDelegate : Finished Spring Data repository scanning in 34 ms. Found 8 JPA repository interfaces.
2026-05-31T22:24:58.803-04:00  INFO 99879 --- [minimarket] [           main] o.hibernate.jpa.internal.util.LogHelper  : HHH000204: Processing PersistenceUnitInfo [name: default]
2026-05-31T22:24:58.834-04:00  INFO 99879 --- [minimarket] [           main] org.hibernate.Version                    : HHH000412: Hibernate ORM core version 6.6.4.Final
2026-05-31T22:24:58.861-04:00  INFO 99879 --- [minimarket] [           main] o.h.c.internal.RegionFactoryInitiator    : HHH000026: Second-level cache disabled
2026-05-31T22:24:58.997-04:00  INFO 99879 --- [minimarket] [           main] o.s.o.j.p.SpringPersistenceUnitInfo      : No LoadTimeWeaver setup: ignoring JPA class transformer
2026-05-31T22:24:59.013-04:00  INFO 99879 --- [minimarket] [           main] com.zaxxer.hikari.HikariDataSource       : HikariPool-1 - Starting...
2026-05-31T22:24:59.099-04:00  INFO 99879 --- [minimarket] [           main] com.zaxxer.hikari.pool.HikariPool        : HikariPool-1 - Added connection conn0: url=jdbc:h2:mem:minimarketdb user=SA
2026-05-31T22:24:59.100-04:00  INFO 99879 --- [minimarket] [           main] com.zaxxer.hikari.HikariDataSource       : HikariPool-1 - Start completed.
2026-05-31T22:24:59.133-04:00  INFO 99879 --- [minimarket] [           main] org.hibernate.orm.connections.pooling    : HHH10001005: Database info:
	Database JDBC URL [Connecting through datasource 'HikariDataSource (HikariPool-1)']
	Database driver: undefined/unknown
	Database version: 2.3.232
	Autocommit mode: undefined/unknown
	Isolation level: undefined/unknown
	Minimum pool size: undefined/unknown
	Maximum pool size: undefined/unknown
2026-05-31T22:24:59.637-04:00  INFO 99879 --- [minimarket] [           main] o.h.e.t.j.p.i.JtaPlatformInitiator       : HHH000489: No JTA platform available (set 'hibernate.transaction.jta.platform' to enable JTA platform integration)
2026-05-31T22:24:59.680-04:00  INFO 99879 --- [minimarket] [           main] j.LocalContainerEntityManagerFactoryBean : Initialized JPA EntityManagerFactory for persistence unit 'default'
2026-05-31T22:24:59.855-04:00  INFO 99879 --- [minimarket] [           main] r$InitializeUserDetailsManagerConfigurer : Global AuthenticationManager configured with UserDetailsService bean with name customUserDetailsService
2026-05-31T22:24:59.902-04:00  WARN 99879 --- [minimarket] [           main] JpaBaseConfiguration$JpaWebConfiguration : spring.jpa.open-in-view is enabled by default. Therefore, database queries may be performed during view rendering. Explicitly configure spring.jpa.open-in-view to disable this warning
2026-05-31T22:25:00.185-04:00  INFO 99879 --- [minimarket] [           main] o.s.b.a.h2.H2ConsoleAutoConfiguration    : H2 console available at '/h2-console'. Database available at 'jdbc:h2:mem:minimarketdb'
2026-05-31T22:25:00.237-04:00  INFO 99879 --- [minimarket] [           main] o.s.b.t.m.w.SpringBootMockServletContext : Initializing Spring TestDispatcherServlet ''
2026-05-31T22:25:00.237-04:00  INFO 99879 --- [minimarket] [           main] o.s.t.web.servlet.TestDispatcherServlet  : Initializing Servlet ''
2026-05-31T22:25:00.238-04:00  INFO 99879 --- [minimarket] [           main] o.s.t.web.servlet.TestDispatcherServlet  : Completed initialization in 1 ms
2026-05-31T22:25:00.251-04:00  INFO 99879 --- [minimarket] [           main] c.m.s.SecurityRbacIntegrationTest        : Started SecurityRbacIntegrationTest in 2.314 seconds (process running for 2.826)
]]></system-out>
    <system-err><![CDATA[Mockito is currently self-attaching to enable the inline-mock-maker. This will no longer work in future releases of the JDK. Please add Mockito as an agent to your build what is described in Mockito's documentation: https://javadoc.io/doc/org.mockito/mockito-core/latest/org/mockito/Mockito.html#0.3
WARNING: A Java agent has been loaded dynamically (/Users/gustavodominguez/.m2/repository/net/bytebuddy/byte-buddy-agent/1.15.11/byte-buddy-agent-1.15.11.jar)
WARNING: If a serviceability tool is in use, please run with -XX:+EnableDynamicAgentLoading to hide this warning
WARNING: If a serviceability tool is not in use, please run with -Djdk.instrument.traceUsage for more information
WARNING: Dynamic loading of agents will be disallowed by default in a future release
]]></system-err>
  </testcase>
  <testcase name="enforcesRoleBasedAccess(RbacScenario)[2]" classname="com.minimarket.security.SecurityRbacIntegrationTest" time="0.35"/>
  <testcase name="enforcesRoleBasedAccess(RbacScenario)[3]" classname="com.minimarket.security.SecurityRbacIntegrationTest" time="0.318">
    <system-out><![CDATA[2026-05-31T22:25:02.331-04:00  WARN 99879 --- [minimarket] [           main] c.m.security.audit.SecurityAuditHandler  : Intento de acceso no autenticado - IP: 127.0.0.1, URI: /api/productos, motivo: Full authentication is required to access this resource
]]></system-out>
  </testcase>
  <testcase name="enforcesRoleBasedAccess(RbacScenario)[4]" classname="com.minimarket.security.SecurityRbacIntegrationTest" time="0.327">
    <system-out><![CDATA[2026-05-31T22:25:02.659-04:00  WARN 99879 --- [minimarket] [           main] c.m.security.audit.SecurityAuditHandler  : Acceso denegado - usuario: cliente, IP: 127.0.0.1, URI: /api/productos, motivo: Access Denied
]]></system-out>
  </testcase>
  <testcase name="enforcesRoleBasedAccess(RbacScenario)[5]" classname="com.minimarket.security.SecurityRbacIntegrationTest" time="0.318">
    <system-out><![CDATA[2026-05-31T22:25:02.979-04:00  WARN 99879 --- [minimarket] [           main] c.m.security.audit.SecurityAuditHandler  : Acceso denegado - usuario: empleado, IP: 127.0.0.1, URI: /api/productos, motivo: Access Denied
]]></system-out>
  </testcase>
  <testcase name="enforcesRoleBasedAccess(RbacScenario)[6]" classname="com.minimarket.security.SecurityRbacIntegrationTest" time="0.324">
    <system-out><![CDATA[2026-05-31T22:25:03.301-04:00  WARN 99879 --- [minimarket] [           main] c.m.exception.GlobalExceptionHandler     : Solicitud inválida: Producto sin categoría
]]></system-out>
  </testcase>
  <testcase name="enforcesRoleBasedAccess(RbacScenario)[7]" classname="com.minimarket.security.SecurityRbacIntegrationTest" time="0.321">
    <system-out><![CDATA[2026-05-31T22:25:03.624-04:00  WARN 99879 --- [minimarket] [           main] c.m.exception.GlobalExceptionHandler     : Solicitud inválida: Producto sin categoría
]]></system-out>
  </testcase>
  <testcase name="enforcesRoleBasedAccess(RbacScenario)[8]" classname="com.minimarket.security.SecurityRbacIntegrationTest" time="0.32"/>
  <testcase name="enforcesRoleBasedAccess(RbacScenario)[9]" classname="com.minimarket.security.SecurityRbacIntegrationTest" time="0.316">
    <system-out><![CDATA[2026-05-31T22:25:04.261-04:00  WARN 99879 --- [minimarket] [           main] c.m.security.audit.SecurityAuditHandler  : Intento de acceso no autenticado - IP: 127.0.0.1, URI: /api/categorias, motivo: Full authentication is required to access this resource
]]></system-out>
  </testcase>
  <testcase name="enforcesRoleBasedAccess(RbacScenario)[10]" classname="com.minimarket.security.SecurityRbacIntegrationTest" time="0.321">
    <system-out><![CDATA[2026-05-31T22:25:04.583-04:00  WARN 99879 --- [minimarket] [           main] c.m.security.audit.SecurityAuditHandler  : Acceso denegado - usuario: cliente, IP: 127.0.0.1, URI: /api/categorias, motivo: Access Denied
]]></system-out>
  </testcase>
  <testcase name="enforcesRoleBasedAccess(RbacScenario)[11]" classname="com.minimarket.security.SecurityRbacIntegrationTest" time="0.32">
    <system-out><![CDATA[2026-05-31T22:25:04.901-04:00  WARN 99879 --- [minimarket] [           main] o.h.engine.jdbc.spi.SqlExceptionHelper   : SQL Error: 23502, SQLState: 23502
2026-05-31T22:25:04.901-04:00 ERROR 99879 --- [minimarket] [           main] o.h.engine.jdbc.spi.SqlExceptionHelper   : NULL not allowed for column "NOMBRE"; SQL statement:
insert into categoria (nombre,id) values (?,default) [23502-232]
2026-05-31T22:25:04.904-04:00  WARN 99879 --- [minimarket] [           main] c.m.exception.GlobalExceptionHandler     : Violación de integridad de datos: could not execute statement [NULL not allowed for column "NOMBRE"; SQL statement:
insert into categoria (nombre,id) values (?,default) [23502-232]] [insert into categoria (nombre,id) values (?,default)]; SQL [insert into categoria (nombre,id) values (?,default)]; constraint [null]
]]></system-out>
  </testcase>
  <testcase name="enforcesRoleBasedAccess(RbacScenario)[12]" classname="com.minimarket.security.SecurityRbacIntegrationTest" time="0.315">
    <system-out><![CDATA[2026-05-31T22:25:05.219-04:00  WARN 99879 --- [minimarket] [           main] c.m.security.audit.SecurityAuditHandler  : Intento de acceso no autenticado - IP: 127.0.0.1, URI: /api/carrito, motivo: Full authentication is required to access this resource
]]></system-out>
  </testcase>
  <testcase name="enforcesRoleBasedAccess(RbacScenario)[13]" classname="com.minimarket.security.SecurityRbacIntegrationTest" time="0.319"/>
  <testcase name="enforcesRoleBasedAccess(RbacScenario)[14]" classname="com.minimarket.security.SecurityRbacIntegrationTest" time="0.315">
    <system-out><![CDATA[2026-05-31T22:25:05.854-04:00  WARN 99879 --- [minimarket] [           main] c.m.security.audit.SecurityAuditHandler  : Acceso denegado - usuario: empleado, IP: 127.0.0.1, URI: /api/carrito, motivo: Access Denied
]]></system-out>
  </testcase>
  <testcase name="enforcesRoleBasedAccess(RbacScenario)[15]" classname="com.minimarket.security.SecurityRbacIntegrationTest" time="0.316">
    <system-out><![CDATA[2026-05-31T22:25:06.171-04:00  WARN 99879 --- [minimarket] [           main] c.m.security.audit.SecurityAuditHandler  : Acceso denegado - usuario: gerente, IP: 127.0.0.1, URI: /api/carrito, motivo: Access Denied
]]></system-out>
  </testcase>
  <testcase name="enforcesRoleBasedAccess(RbacScenario)[16]" classname="com.minimarket.security.SecurityRbacIntegrationTest" time="0.328"/>
  <testcase name="enforcesRoleBasedAccess(RbacScenario)[17]" classname="com.minimarket.security.SecurityRbacIntegrationTest" time="0.312">
    <system-out><![CDATA[2026-05-31T22:25:06.813-04:00  WARN 99879 --- [minimarket] [           main] c.m.security.audit.SecurityAuditHandler  : Intento de acceso no autenticado - IP: 127.0.0.1, URI: /api/inventario, motivo: Full authentication is required to access this resource
]]></system-out>
  </testcase>
  <testcase name="enforcesRoleBasedAccess(RbacScenario)[18]" classname="com.minimarket.security.SecurityRbacIntegrationTest" time="0.315">
    <system-out><![CDATA[2026-05-31T22:25:07.129-04:00  WARN 99879 --- [minimarket] [           main] c.m.security.audit.SecurityAuditHandler  : Acceso denegado - usuario: cliente, IP: 127.0.0.1, URI: /api/inventario, motivo: Access Denied
]]></system-out>
  </testcase>
  <testcase name="enforcesRoleBasedAccess(RbacScenario)[19]" classname="com.minimarket.security.SecurityRbacIntegrationTest" time="0.317"/>
  <testcase name="enforcesRoleBasedAccess(RbacScenario)[20]" classname="com.minimarket.security.SecurityRbacIntegrationTest" time="0.318"/>
  <testcase name="enforcesRoleBasedAccess(RbacScenario)[21]" classname="com.minimarket.security.SecurityRbacIntegrationTest" time="0.312">
    <system-out><![CDATA[2026-05-31T22:25:08.078-04:00  WARN 99879 --- [minimarket] [           main] c.m.security.audit.SecurityAuditHandler  : Intento de acceso no autenticado - IP: 127.0.0.1, URI: /api/inventario, motivo: Full authentication is required to access this resource
]]></system-out>
  </testcase>
  <testcase name="enforcesRoleBasedAccess(RbacScenario)[22]" classname="com.minimarket.security.SecurityRbacIntegrationTest" time="0.318">
    <system-out><![CDATA[2026-05-31T22:25:08.396-04:00  WARN 99879 --- [minimarket] [           main] c.m.security.audit.SecurityAuditHandler  : Acceso denegado - usuario: cliente, IP: 127.0.0.1, URI: /api/inventario, motivo: Access Denied
]]></system-out>
  </testcase>
  <testcase name="enforcesRoleBasedAccess(RbacScenario)[23]" classname="com.minimarket.security.SecurityRbacIntegrationTest" time="0.314">
    <system-out><![CDATA[2026-05-31T22:25:08.711-04:00  WARN 99879 --- [minimarket] [           main] c.m.security.audit.SecurityAuditHandler  : Acceso denegado - usuario: empleado, IP: 127.0.0.1, URI: /api/inventario, motivo: Access Denied
]]></system-out>
  </testcase>
  <testcase name="enforcesRoleBasedAccess(RbacScenario)[24]" classname="com.minimarket.security.SecurityRbacIntegrationTest" time="0.318">
    <system-out><![CDATA[2026-05-31T22:25:09.028-04:00  WARN 99879 --- [minimarket] [           main] o.h.engine.jdbc.spi.SqlExceptionHelper   : SQL Error: 23502, SQLState: 23502
2026-05-31T22:25:09.028-04:00 ERROR 99879 --- [minimarket] [           main] o.h.engine.jdbc.spi.SqlExceptionHelper   : NULL not allowed for column "CANTIDAD"; SQL statement:
insert into inventario (cantidad,fecha_movimiento,producto_id,tipo_movimiento,id) values (?,?,?,?,default) [23502-232]
2026-05-31T22:25:09.029-04:00  WARN 99879 --- [minimarket] [           main] c.m.exception.GlobalExceptionHandler     : Violación de integridad de datos: could not execute statement [NULL not allowed for column "CANTIDAD"; SQL statement:
insert into inventario (cantidad,fecha_movimiento,producto_id,tipo_movimiento,id) values (?,?,?,?,default) [23502-232]] [insert into inventario (cantidad,fecha_movimiento,producto_id,tipo_movimiento,id) values (?,?,?,?,default)]; SQL [insert into inventario (cantidad,fecha_movimiento,producto_id,tipo_movimiento,id) values (?,?,?,?,default)]; constraint [null]
]]></system-out>
  </testcase>
  <testcase name="enforcesRoleBasedAccess(RbacScenario)[25]" classname="com.minimarket.security.SecurityRbacIntegrationTest" time="0.312">
    <system-out><![CDATA[2026-05-31T22:25:09.341-04:00  WARN 99879 --- [minimarket] [           main] c.m.security.audit.SecurityAuditHandler  : Intento de acceso no autenticado - IP: 127.0.0.1, URI: /api/inventario/999, motivo: Full authentication is required to access this resource
]]></system-out>
  </testcase>
  <testcase name="enforcesRoleBasedAccess(RbacScenario)[26]" classname="com.minimarket.security.SecurityRbacIntegrationTest" time="0.313">
    <system-out><![CDATA[2026-05-31T22:25:09.655-04:00  WARN 99879 --- [minimarket] [           main] c.m.security.audit.SecurityAuditHandler  : Acceso denegado - usuario: cliente, IP: 127.0.0.1, URI: /api/inventario/999, motivo: Access Denied
]]></system-out>
  </testcase>
  <testcase name="enforcesRoleBasedAccess(RbacScenario)[27]" classname="com.minimarket.security.SecurityRbacIntegrationTest" time="0.316">
    <system-out><![CDATA[2026-05-31T22:25:09.971-04:00  WARN 99879 --- [minimarket] [           main] c.m.security.audit.SecurityAuditHandler  : Acceso denegado - usuario: empleado, IP: 127.0.0.1, URI: /api/inventario/999, motivo: Access Denied
]]></system-out>
  </testcase>
  <testcase name="enforcesRoleBasedAccess(RbacScenario)[28]" classname="com.minimarket.security.SecurityRbacIntegrationTest" time="0.326"/>
  <testcase name="enforcesRoleBasedAccess(RbacScenario)[29]" classname="com.minimarket.security.SecurityRbacIntegrationTest" time="0.312">
    <system-out><![CDATA[2026-05-31T22:25:10.609-04:00  WARN 99879 --- [minimarket] [           main] c.m.security.audit.SecurityAuditHandler  : Intento de acceso no autenticado - IP: 127.0.0.1, URI: /api/inventario/999, motivo: Full authentication is required to access this resource
]]></system-out>
  </testcase>
  <testcase name="enforcesRoleBasedAccess(RbacScenario)[30]" classname="com.minimarket.security.SecurityRbacIntegrationTest" time="0.315">
    <system-out><![CDATA[2026-05-31T22:25:10.924-04:00  WARN 99879 --- [minimarket] [           main] c.m.security.audit.SecurityAuditHandler  : Acceso denegado - usuario: cliente, IP: 127.0.0.1, URI: /api/inventario/999, motivo: Access Denied
]]></system-out>
  </testcase>
  <testcase name="enforcesRoleBasedAccess(RbacScenario)[31]" classname="com.minimarket.security.SecurityRbacIntegrationTest" time="0.313">
    <system-out><![CDATA[2026-05-31T22:25:11.238-04:00  WARN 99879 --- [minimarket] [           main] c.m.security.audit.SecurityAuditHandler  : Acceso denegado - usuario: empleado, IP: 127.0.0.1, URI: /api/inventario/999, motivo: Access Denied
]]></system-out>
  </testcase>
  <testcase name="enforcesRoleBasedAccess(RbacScenario)[32]" classname="com.minimarket.security.SecurityRbacIntegrationTest" time="0.315"/>
  <testcase name="enforcesRoleBasedAccess(RbacScenario)[33]" classname="com.minimarket.security.SecurityRbacIntegrationTest" time="0.311">
    <system-out><![CDATA[2026-05-31T22:25:11.865-04:00  WARN 99879 --- [minimarket] [           main] c.m.security.audit.SecurityAuditHandler  : Intento de acceso no autenticado - IP: 127.0.0.1, URI: /api/ventas, motivo: Full authentication is required to access this resource
]]></system-out>
  </testcase>
  <testcase name="enforcesRoleBasedAccess(RbacScenario)[34]" classname="com.minimarket.security.SecurityRbacIntegrationTest" time="0.318">
    <system-out><![CDATA[2026-05-31T22:25:12.184-04:00  WARN 99879 --- [minimarket] [           main] c.m.security.audit.SecurityAuditHandler  : Acceso denegado - usuario: cliente, IP: 127.0.0.1, URI: /api/ventas, motivo: Access Denied
]]></system-out>
  </testcase>
  <testcase name="enforcesRoleBasedAccess(RbacScenario)[35]" classname="com.minimarket.security.SecurityRbacIntegrationTest" time="0.324"/>
  <testcase name="enforcesRoleBasedAccess(RbacScenario)[36]" classname="com.minimarket.security.SecurityRbacIntegrationTest" time="0.315"/>
  <testcase name="enforcesRoleBasedAccess(RbacScenario)[37]" classname="com.minimarket.security.SecurityRbacIntegrationTest" time="0.311">
    <system-out><![CDATA[2026-05-31T22:25:13.134-04:00  WARN 99879 --- [minimarket] [           main] c.m.security.audit.SecurityAuditHandler  : Intento de acceso no autenticado - IP: 127.0.0.1, URI: /api/usuarios, motivo: Full authentication is required to access this resource
]]></system-out>
  </testcase>
  <testcase name="enforcesRoleBasedAccess(RbacScenario)[38]" classname="com.minimarket.security.SecurityRbacIntegrationTest" time="0.312">
    <system-out><![CDATA[2026-05-31T22:25:13.447-04:00  WARN 99879 --- [minimarket] [           main] c.m.security.audit.SecurityAuditHandler  : Acceso denegado - usuario: cliente, IP: 127.0.0.1, URI: /api/usuarios, motivo: Access Denied
]]></system-out>
  </testcase>
  <testcase name="enforcesRoleBasedAccess(RbacScenario)[39]" classname="com.minimarket.security.SecurityRbacIntegrationTest" time="0.311">
    <system-out><![CDATA[2026-05-31T22:25:13.760-04:00  WARN 99879 --- [minimarket] [           main] c.m.security.audit.SecurityAuditHandler  : Acceso denegado - usuario: gerente, IP: 127.0.0.1, URI: /api/usuarios, motivo: Access Denied
]]></system-out>
  </testcase>
  <testcase name="enforcesRoleBasedAccess(RbacScenario)[40]" classname="com.minimarket.security.SecurityRbacIntegrationTest" time="0.321"/>
  <testcase name="enforcesRoleBasedAccess(RbacScenario)[41]" classname="com.minimarket.security.SecurityRbacIntegrationTest" time="0.315"/>
  <testcase name="enforcesRoleBasedAccess(RbacScenario)[42]" classname="com.minimarket.security.SecurityRbacIntegrationTest" time="0.312"/>
</testsuite>